2024-03-15T17:10:20.570+09:00  INFO 5712 --- [restartedMain] kr.co.ch06.Ch06Application               : Starting Ch06Application using Java 17.0.9 with PID 5712 (C:\Users\java\Desktop\workspace\Spring\ch06\build\classes\java\main started by java in C:\Users\java\Desktop\workspace\Spring\ch06)
2024-03-15T17:10:20.573+09:00  INFO 5712 --- [restartedMain] kr.co.ch06.Ch06Application               : No active profile set, falling back to 1 default profile: "default"
2024-03-15T17:10:20.705+09:00  INFO 5712 --- [restartedMain] .e.DevToolsPropertyDefaultsPostProcessor : Devtools property defaults active! Set 'spring.devtools.add-properties' to 'false' to disable
2024-03-15T17:10:20.705+09:00  INFO 5712 --- [restartedMain] .e.DevToolsPropertyDefaultsPostProcessor : For additional web related logging consider setting the 'logging.level.web' property to 'DEBUG'
2024-03-15T17:10:21.250+09:00  INFO 5712 --- [restartedMain] o.s.b.w.embedded.tomcat.TomcatWebServer  : Tomcat initialized with port 8080 (http)
2024-03-15T17:10:21.256+09:00  INFO 5712 --- [restartedMain] o.apache.catalina.core.StandardService   : Starting service [Tomcat]
2024-03-15T17:10:21.256+09:00  INFO 5712 --- [restartedMain] o.apache.catalina.core.StandardEngine    : Starting Servlet engine: [Apache Tomcat/10.1.19]
2024-03-15T17:10:21.278+09:00  INFO 5712 --- [restartedMain] o.a.c.c.C.[Tomcat].[localhost].[/ch06]   : Initializing Spring embedded WebApplicationContext
2024-03-15T17:10:21.278+09:00  INFO 5712 --- [restartedMain] w.s.c.ServletWebServerApplicationContext : Root WebApplicationContext: initialization completed in 572 ms
2024-03-15T17:10:21.436+09:00  INFO 5712 --- [restartedMain] o.s.b.a.w.s.WelcomePageHandlerMapping    : Adding welcome page template: index
2024-03-15T17:10:21.642+09:00  INFO 5712 --- [restartedMain] o.s.b.d.a.OptionalLiveReloadServer       : LiveReload server is running on port 35729
2024-03-15T17:10:21.659+09:00  INFO 5712 --- [restartedMain] o.s.b.w.embedded.tomcat.TomcatWebServer  : Tomcat started on port 8080 (http) with context path '/ch06'
2024-03-15T17:10:21.665+09:00  INFO 5712 --- [restartedMain] kr.co.ch06.Ch06Application               : Started Ch06Application in 1.275 seconds (process running for 1.528)
2024-03-15T17:10:39.282+09:00  INFO 5712 --- [http-nio-8080-exec-1] o.a.c.c.C.[Tomcat].[localhost].[/ch06]   : Initializing Spring DispatcherServlet 'dispatcherServlet'
2024-03-15T17:10:39.283+09:00  INFO 5712 --- [http-nio-8080-exec-1] o.s.web.servlet.DispatcherServlet        : Initializing Servlet 'dispatcherServlet'
2024-03-15T17:10:39.283+09:00  INFO 5712 --- [http-nio-8080-exec-1] o.s.web.servlet.DispatcherServlet        : Completed initialization in 0 ms
2024-03-15T17:10:39.465+09:00  WARN 5712 --- [http-nio-8080-exec-1] o.t.s.p.StandardIncludeTagProcessor      : [THYMELEAF][http-nio-8080-exec-1][/index] Deprecated attribute {th:include,data-th-include} found in template /index, line 61, col 15. Please use {th:insert,data-th-insert} instead, this deprecated attribute will be removed in future versions of Thymeleaf.
2024-03-15T17:10:39.466+09:00  WARN 5712 --- [http-nio-8080-exec-1] actStandardFragmentInsertionTagProcessor : [THYMELEAF][http-nio-8080-exec-1][/index] Deprecated unwrapped fragment expression "/include/_header.html" found in template /index, line 61, col 15. Please use the complete syntax of fragment expressions instead ("~{/include/_header.html}"). The old, unwrapped syntax for fragment expressions will be removed in future versions of Thymeleaf.
2024-03-15T17:10:39.467+09:00  WARN 5712 --- [http-nio-8080-exec-1] o.t.s.p.StandardIncludeTagProcessor      : [THYMELEAF][http-nio-8080-exec-1][/index] Deprecated attribute {th:include,data-th-include} found in template /index, line 62, col 15. Please use {th:insert,data-th-insert} instead, this deprecated attribute will be removed in future versions of Thymeleaf.
2024-03-15T17:10:39.467+09:00  WARN 5712 --- [http-nio-8080-exec-1] actStandardFragmentInsertionTagProcessor : [THYMELEAF][http-nio-8080-exec-1][/index] Deprecated unwrapped fragment expression "/include/_footer.html" found in template /index, line 62, col 15. Please use the complete syntax of fragment expressions instead ("~{/include/_footer.html}"). The old, unwrapped syntax for fragment expressions will be removed in future versions of Thymeleaf.
2024-03-15T17:10:39.468+09:00  WARN 5712 --- [http-nio-8080-exec-1] actStandardFragmentInsertionTagProcessor : [THYMELEAF][http-nio-8080-exec-1][/index] Deprecated unwrapped fragment expression "/include/_header.html" found in template /index, line 64, col 10. Please use the complete syntax of fragment expressions instead ("~{/include/_header.html}"). The old, unwrapped syntax for fragment expressions will be removed in future versions of Thymeleaf.
2024-03-15T17:10:39.468+09:00  WARN 5712 --- [http-nio-8080-exec-1] actStandardFragmentInsertionTagProcessor : [THYMELEAF][http-nio-8080-exec-1][/index] Deprecated unwrapped fragment expression "/include/_footer.html" found in template /index, line 65, col 10. Please use the complete syntax of fragment expressions instead ("~{/include/_footer.html}"). The old, unwrapped syntax for fragment expressions will be removed in future versions of Thymeleaf.
2024-03-15T17:10:39.468+09:00  WARN 5712 --- [http-nio-8080-exec-1] actStandardFragmentInsertionTagProcessor : [THYMELEAF][http-nio-8080-exec-1][/index] Deprecated unwrapped fragment expression "/include/_header.html" found in template /index, line 67, col 10. Please use the complete syntax of fragment expressions instead ("~{/include/_header.html}"). The old, unwrapped syntax for fragment expressions will be removed in future versions of Thymeleaf.
2024-03-15T17:10:39.469+09:00  WARN 5712 --- [http-nio-8080-exec-1] actStandardFragmentInsertionTagProcessor : [THYMELEAF][http-nio-8080-exec-1][/index] Deprecated unwrapped fragment expression "/include/_footer.html" found in template /index, line 68, col 10. Please use the complete syntax of fragment expressions instead ("~{/include/_footer.html}"). The old, unwrapped syntax for fragment expressions will be removed in future versions of Thymeleaf.
2024-03-15T17:10:39.469+09:00  WARN 5712 --- [http-nio-8080-exec-1] o.t.s.p.StandardIncludeTagProcessor      : [THYMELEAF][http-nio-8080-exec-1][/index] Deprecated attribute {th:include,data-th-include} found in template /index, line 70, col 15. Please use {th:insert,data-th-insert} instead, this deprecated attribute will be removed in future versions of Thymeleaf.
2024-03-15T17:10:39.477+09:00  WARN 5712 --- [http-nio-8080-exec-1] o.t.s.p.StandardIncludeTagProcessor      : [THYMELEAF][http-nio-8080-exec-1][/index] Deprecated attribute {th:include,data-th-include} found in template /index, line 71, col 15. Please use {th:insert,data-th-insert} instead, this deprecated attribute will be removed in future versions of Thymeleaf.
2024-03-15T17:10:41.992+09:00  INFO 5712 --- [http-nio-8080-exec-2] com.zaxxer.hikari.HikariDataSource       : HikariPool-1 - Starting...
2024-03-15T17:10:42.128+09:00  INFO 5712 --- [http-nio-8080-exec-2] com.zaxxer.hikari.pool.HikariPool        : HikariPool-1 - Added connection com.mysql.cj.jdbc.ConnectionImpl@4d1e5599
2024-03-15T17:10:42.129+09:00  INFO 5712 --- [http-nio-8080-exec-2] com.zaxxer.hikari.HikariDataSource       : HikariPool-1 - Start completed.
2024-03-15T17:11:07.549+09:00  WARN 5712 --- [http-nio-8080-exec-5] o.t.s.p.StandardIncludeTagProcessor      : [THYMELEAF][http-nio-8080-exec-5][/index] Deprecated attribute {th:include,data-th-include} found in template /index, line 61, col 15. Please use {th:insert,data-th-insert} instead, this deprecated attribute will be removed in future versions of Thymeleaf.
2024-03-15T17:11:07.549+09:00  WARN 5712 --- [http-nio-8080-exec-5] actStandardFragmentInsertionTagProcessor : [THYMELEAF][http-nio-8080-exec-5][/index] Deprecated unwrapped fragment expression "/include/_header.html" found in template /index, line 61, col 15. Please use the complete syntax of fragment expressions instead ("~{/include/_header.html}"). The old, unwrapped syntax for fragment expressions will be removed in future versions of Thymeleaf.
2024-03-15T17:11:07.550+09:00  WARN 5712 --- [http-nio-8080-exec-5] o.t.s.p.StandardIncludeTagProcessor      : [THYMELEAF][http-nio-8080-exec-5][/index] Deprecated attribute {th:include,data-th-include} found in template /index, line 62, col 15. Please use {th:insert,data-th-insert} instead, this deprecated attribute will be removed in future versions of Thymeleaf.
2024-03-15T17:11:07.550+09:00  WARN 5712 --- [http-nio-8080-exec-5] actStandardFragmentInsertionTagProcessor : [THYMELEAF][http-nio-8080-exec-5][/index] Deprecated unwrapped fragment expression "/include/_footer.html" found in template /index, line 62, col 15. Please use the complete syntax of fragment expressions instead ("~{/include/_footer.html}"). The old, unwrapped syntax for fragment expressions will be removed in future versions of Thymeleaf.
2024-03-15T17:11:07.551+09:00  WARN 5712 --- [http-nio-8080-exec-5] actStandardFragmentInsertionTagProcessor : [THYMELEAF][http-nio-8080-exec-5][/index] Deprecated unwrapped fragment expression "/include/_header.html" found in template /index, line 64, col 10. Please use the complete syntax of fragment expressions instead ("~{/include/_header.html}"). The old, unwrapped syntax for fragment expressions will be removed in future versions of Thymeleaf.
2024-03-15T17:11:07.552+09:00  WARN 5712 --- [http-nio-8080-exec-5] actStandardFragmentInsertionTagProcessor : [THYMELEAF][http-nio-8080-exec-5][/index] Deprecated unwrapped fragment expression "/include/_footer.html" found in template /index, line 65, col 10. Please use the complete syntax of fragment expressions instead ("~{/include/_footer.html}"). The old, unwrapped syntax for fragment expressions will be removed in future versions of Thymeleaf.
2024-03-15T17:11:07.552+09:00  WARN 5712 --- [http-nio-8080-exec-5] actStandardFragmentInsertionTagProcessor : [THYMELEAF][http-nio-8080-exec-5][/index] Deprecated unwrapped fragment expression "/include/_header.html" found in template /index, line 67, col 10. Please use the complete syntax of fragment expressions instead ("~{/include/_header.html}"). The old, unwrapped syntax for fragment expressions will be removed in future versions of Thymeleaf.
2024-03-15T17:11:07.553+09:00  WARN 5712 --- [http-nio-8080-exec-5] actStandardFragmentInsertionTagProcessor : [THYMELEAF][http-nio-8080-exec-5][/index] Deprecated unwrapped fragment expression "/include/_footer.html" found in template /index, line 68, col 10. Please use the complete syntax of fragment expressions instead ("~{/include/_footer.html}"). The old, unwrapped syntax for fragment expressions will be removed in future versions of Thymeleaf.
2024-03-15T17:11:07.553+09:00  WARN 5712 --- [http-nio-8080-exec-5] o.t.s.p.StandardIncludeTagProcessor      : [THYMELEAF][http-nio-8080-exec-5][/index] Deprecated attribute {th:include,data-th-include} found in template /index, line 70, col 15. Please use {th:insert,data-th-insert} instead, this deprecated attribute will be removed in future versions of Thymeleaf.
2024-03-15T17:11:07.554+09:00  WARN 5712 --- [http-nio-8080-exec-5] o.t.s.p.StandardIncludeTagProcessor      : [THYMELEAF][http-nio-8080-exec-5][/index] Deprecated attribute {th:include,data-th-include} found in template /index, line 71, col 15. Please use {th:insert,data-th-insert} instead, this deprecated attribute will be removed in future versions of Thymeleaf.
2024-03-15T17:11:38.618+09:00  INFO 5712 --- [File Watcher] rtingClassPathChangeChangedEventListener : Restarting due to 27 class path changes (3 additions, 0 deletions, 24 modifications)
2024-03-15T17:11:38.625+09:00  INFO 5712 --- [Thread-5] com.zaxxer.hikari.HikariDataSource       : HikariPool-1 - Shutdown initiated...
2024-03-15T17:11:38.628+09:00  INFO 5712 --- [Thread-5] com.zaxxer.hikari.HikariDataSource       : HikariPool-1 - Shutdown completed.
2024-03-15T17:11:38.660+09:00  INFO 5712 --- [restartedMain] kr.co.ch06.Ch06Application               : Starting Ch06Application using Java 17.0.9 with PID 5712 (C:\Users\java\Desktop\workspace\Spring\ch06\build\classes\java\main started by java in C:\Users\java\Desktop\workspace\Spring\ch06)
2024-03-15T17:11:38.660+09:00  INFO 5712 --- [restartedMain] kr.co.ch06.Ch06Application               : No active profile set, falling back to 1 default profile: "default"
2024-03-15T17:11:38.764+09:00  INFO 5712 --- [restartedMain] o.s.b.w.embedded.tomcat.TomcatWebServer  : Tomcat initialized with port 8080 (http)
2024-03-15T17:11:38.765+09:00  INFO 5712 --- [restartedMain] o.apache.catalina.core.StandardService   : Starting service [Tomcat]
2024-03-15T17:11:38.765+09:00  INFO 5712 --- [restartedMain] o.apache.catalina.core.StandardEngine    : Starting Servlet engine: [Apache Tomcat/10.1.19]
2024-03-15T17:11:38.771+09:00  INFO 5712 --- [restartedMain] o.a.c.c.C.[Tomcat].[localhost].[/ch06]   : Initializing Spring embedded WebApplicationContext
2024-03-15T17:11:38.771+09:00  INFO 5712 --- [restartedMain] w.s.c.ServletWebServerApplicationContext : Root WebApplicationContext: initialization completed in 110 ms
2024-03-15T17:11:38.802+09:00  INFO 5712 --- [restartedMain] o.s.b.a.w.s.WelcomePageHandlerMapping    : Adding welcome page template: index
2024-03-15T17:11:38.833+09:00  INFO 5712 --- [restartedMain] o.s.b.d.a.OptionalLiveReloadServer       : LiveReload server is running on port 35729
2024-03-15T17:11:38.837+09:00  INFO 5712 --- [restartedMain] o.s.b.w.embedded.tomcat.TomcatWebServer  : Tomcat started on port 8080 (http) with context path '/ch06'
2024-03-15T17:11:38.839+09:00  INFO 5712 --- [restartedMain] kr.co.ch06.Ch06Application               : Started Ch06Application in 0.191 seconds (process running for 78.703)
2024-03-15T17:11:38.840+09:00  INFO 5712 --- [restartedMain] .ConditionEvaluationDeltaLoggingListener : Condition evaluation unchanged
2024-03-15T17:12:07.845+09:00  INFO 5712 --- [File Watcher] rtingClassPathChangeChangedEventListener : Restarting due to 27 class path changes (0 additions, 0 deletions, 27 modifications)
2024-03-15T17:12:07.885+09:00  INFO 5712 --- [restartedMain] kr.co.ch06.Ch06Application               : Starting Ch06Application using Java 17.0.9 with PID 5712 (C:\Users\java\Desktop\workspace\Spring\ch06\build\classes\java\main started by java in C:\Users\java\Desktop\workspace\Spring\ch06)
2024-03-15T17:12:07.885+09:00  INFO 5712 --- [restartedMain] kr.co.ch06.Ch06Application               : No active profile set, falling back to 1 default profile: "default"
2024-03-15T17:12:07.999+09:00  INFO 5712 --- [restartedMain] o.s.b.w.embedded.tomcat.TomcatWebServer  : Tomcat initialized with port 8080 (http)
2024-03-15T17:12:07.999+09:00  INFO 5712 --- [restartedMain] o.apache.catalina.core.StandardService   : Starting service [Tomcat]
2024-03-15T17:12:07.999+09:00  INFO 5712 --- [restartedMain] o.apache.catalina.core.StandardEngine    : Starting Servlet engine: [Apache Tomcat/10.1.19]
2024-03-15T17:12:08.006+09:00  INFO 5712 --- [restartedMain] o.a.c.c.C.[Tomcat].[localhost].[/ch06]   : Initializing Spring embedded WebApplicationContext
2024-03-15T17:12:08.006+09:00  INFO 5712 --- [restartedMain] w.s.c.ServletWebServerApplicationContext : Root WebApplicationContext: initialization completed in 120 ms
2024-03-15T17:12:08.040+09:00  INFO 5712 --- [restartedMain] o.s.b.a.w.s.WelcomePageHandlerMapping    : Adding welcome page template: index
2024-03-15T17:12:08.073+09:00  INFO 5712 --- [restartedMain] o.s.b.d.a.OptionalLiveReloadServer       : LiveReload server is running on port 35729
2024-03-15T17:12:08.078+09:00  INFO 5712 --- [restartedMain] o.s.b.w.embedded.tomcat.TomcatWebServer  : Tomcat started on port 8080 (http) with context path '/ch06'
2024-03-15T17:12:08.080+09:00  INFO 5712 --- [restartedMain] kr.co.ch06.Ch06Application               : Started Ch06Application in 0.207 seconds (process running for 107.943)
2024-03-15T17:12:08.080+09:00  INFO 5712 --- [restartedMain] .ConditionEvaluationDeltaLoggingListener : Condition evaluation unchanged
2024-03-15T17:14:11.081+09:00  INFO 5712 --- [File Watcher] rtingClassPathChangeChangedEventListener : Restarting due to 27 class path changes (0 additions, 0 deletions, 27 modifications)
2024-03-15T17:14:11.135+09:00  INFO 5712 --- [restartedMain] kr.co.ch06.Ch06Application               : Starting Ch06Application using Java 17.0.9 with PID 5712 (C:\Users\java\Desktop\workspace\Spring\ch06\build\classes\java\main started by java in C:\Users\java\Desktop\workspace\Spring\ch06)
2024-03-15T17:14:11.135+09:00  INFO 5712 --- [restartedMain] kr.co.ch06.Ch06Application               : No active profile set, falling back to 1 default profile: "default"
2024-03-15T17:14:11.258+09:00  INFO 5712 --- [restartedMain] o.s.b.w.embedded.tomcat.TomcatWebServer  : Tomcat initialized with port 8080 (http)
2024-03-15T17:14:11.258+09:00  INFO 5712 --- [restartedMain] o.apache.catalina.core.StandardService   : Starting service [Tomcat]
2024-03-15T17:14:11.258+09:00  INFO 5712 --- [restartedMain] o.apache.catalina.core.StandardEngine    : Starting Servlet engine: [Apache Tomcat/10.1.19]
2024-03-15T17:14:11.266+09:00  INFO 5712 --- [restartedMain] o.a.c.c.C.[Tomcat].[localhost].[/ch06]   : Initializing Spring embedded WebApplicationContext
2024-03-15T17:14:11.267+09:00  INFO 5712 --- [restartedMain] w.s.c.ServletWebServerApplicationContext : Root WebApplicationContext: initialization completed in 131 ms
2024-03-15T17:14:11.309+09:00  INFO 5712 --- [restartedMain] o.s.b.a.w.s.WelcomePageHandlerMapping    : Adding welcome page template: index
2024-03-15T17:14:11.348+09:00  INFO 5712 --- [restartedMain] o.s.b.d.a.OptionalLiveReloadServer       : LiveReload server is running on port 35729
2024-03-15T17:14:11.353+09:00  INFO 5712 --- [restartedMain] o.s.b.w.embedded.tomcat.TomcatWebServer  : Tomcat started on port 8080 (http) with context path '/ch06'
2024-03-15T17:14:11.355+09:00  INFO 5712 --- [restartedMain] kr.co.ch06.Ch06Application               : Started Ch06Application in 0.238 seconds (process running for 231.219)
2024-03-15T17:14:11.356+09:00  INFO 5712 --- [restartedMain] .ConditionEvaluationDeltaLoggingListener : Condition evaluation unchanged
2024-03-15T17:29:23.480+09:00  INFO 5712 --- [File Watcher] rtingClassPathChangeChangedEventListener : Restarting due to 33 class path changes (6 additions, 0 deletions, 27 modifications)
2024-03-15T17:29:23.535+09:00  INFO 5712 --- [restartedMain] kr.co.ch06.Ch06Application               : Starting Ch06Application using Java 17.0.9 with PID 5712 (C:\Users\java\Desktop\workspace\Spring\ch06\build\classes\java\main started by java in C:\Users\java\Desktop\workspace\Spring\ch06)
2024-03-15T17:29:23.535+09:00  INFO 5712 --- [restartedMain] kr.co.ch06.Ch06Application               : No active profile set, falling back to 1 default profile: "default"
2024-03-15T17:29:23.633+09:00  INFO 5712 --- [restartedMain] o.s.b.w.embedded.tomcat.TomcatWebServer  : Tomcat initialized with port 8080 (http)
2024-03-15T17:29:23.634+09:00  INFO 5712 --- [restartedMain] o.apache.catalina.core.StandardService   : Starting service [Tomcat]
2024-03-15T17:29:23.634+09:00  INFO 5712 --- [restartedMain] o.apache.catalina.core.StandardEngine    : Starting Servlet engine: [Apache Tomcat/10.1.19]
2024-03-15T17:29:23.641+09:00  INFO 5712 --- [restartedMain] o.a.c.c.C.[Tomcat].[localhost].[/ch06]   : Initializing Spring embedded WebApplicationContext
2024-03-15T17:29:23.641+09:00  INFO 5712 --- [restartedMain] w.s.c.ServletWebServerApplicationContext : Root WebApplicationContext: initialization completed in 103 ms
2024-03-15T17:29:23.672+09:00  INFO 5712 --- [restartedMain] o.s.b.a.w.s.WelcomePageHandlerMapping    : Adding welcome page template: index
2024-03-15T17:29:23.712+09:00  INFO 5712 --- [restartedMain] o.s.b.d.a.OptionalLiveReloadServer       : LiveReload server is running on port 35729
2024-03-15T17:29:23.717+09:00  INFO 5712 --- [restartedMain] o.s.b.w.embedded.tomcat.TomcatWebServer  : Tomcat started on port 8080 (http) with context path '/ch06'
2024-03-15T17:29:23.719+09:00  INFO 5712 --- [restartedMain] kr.co.ch06.Ch06Application               : Started Ch06Application in 0.195 seconds (process running for 1143.582)
2024-03-15T17:29:23.719+09:00  INFO 5712 --- [restartedMain] .ConditionEvaluationDeltaLoggingListener : Condition evaluation unchanged
2024-03-15T17:29:23.840+09:00  INFO 5712 --- [http-nio-8080-exec-1] o.a.c.c.C.[Tomcat].[localhost].[/ch06]   : Initializing Spring DispatcherServlet 'dispatcherServlet'
2024-03-15T17:29:23.840+09:00  INFO 5712 --- [http-nio-8080-exec-1] o.s.web.servlet.DispatcherServlet        : Initializing Servlet 'dispatcherServlet'
2024-03-15T17:29:23.841+09:00  INFO 5712 --- [http-nio-8080-exec-1] o.s.web.servlet.DispatcherServlet        : Completed initialization in 1 ms
2024-03-15T17:29:23.868+09:00  WARN 5712 --- [http-nio-8080-exec-1] o.t.s.p.StandardIncludeTagProcessor      : [THYMELEAF][http-nio-8080-exec-1][/index] Deprecated attribute {th:include,data-th-include} found in template /index, line 61, col 15. Please use {th:insert,data-th-insert} instead, this deprecated attribute will be removed in future versions of Thymeleaf.
2024-03-15T17:29:23.868+09:00  WARN 5712 --- [http-nio-8080-exec-1] actStandardFragmentInsertionTagProcessor : [THYMELEAF][http-nio-8080-exec-1][/index] Deprecated unwrapped fragment expression "/include/_header.html" found in template /index, line 61, col 15. Please use the complete syntax of fragment expressions instead ("~{/include/_header.html}"). The old, unwrapped syntax for fragment expressions will be removed in future versions of Thymeleaf.
2024-03-15T17:29:23.868+09:00  WARN 5712 --- [http-nio-8080-exec-1] o.t.s.p.StandardIncludeTagProcessor      : [THYMELEAF][http-nio-8080-exec-1][/index] Deprecated attribute {th:include,data-th-include} found in template /index, line 62, col 15. Please use {th:insert,data-th-insert} instead, this deprecated attribute will be removed in future versions of Thymeleaf.
2024-03-15T17:29:23.868+09:00  WARN 5712 --- [http-nio-8080-exec-1] actStandardFragmentInsertionTagProcessor : [THYMELEAF][http-nio-8080-exec-1][/index] Deprecated unwrapped fragment expression "/include/_footer.html" found in template /index, line 62, col 15. Please use the complete syntax of fragment expressions instead ("~{/include/_footer.html}"). The old, unwrapped syntax for fragment expressions will be removed in future versions of Thymeleaf.
2024-03-15T17:29:23.869+09:00  WARN 5712 --- [http-nio-8080-exec-1] actStandardFragmentInsertionTagProcessor : [THYMELEAF][http-nio-8080-exec-1][/index] Deprecated unwrapped fragment expression "/include/_header.html" found in template /index, line 64, col 10. Please use the complete syntax of fragment expressions instead ("~{/include/_header.html}"). The old, unwrapped syntax for fragment expressions will be removed in future versions of Thymeleaf.
2024-03-15T17:29:23.869+09:00  WARN 5712 --- [http-nio-8080-exec-1] actStandardFragmentInsertionTagProcessor : [THYMELEAF][http-nio-8080-exec-1][/index] Deprecated unwrapped fragment expression "/include/_footer.html" found in template /index, line 65, col 10. Please use the complete syntax of fragment expressions instead ("~{/include/_footer.html}"). The old, unwrapped syntax for fragment expressions will be removed in future versions of Thymeleaf.
2024-03-15T17:29:23.869+09:00  WARN 5712 --- [http-nio-8080-exec-1] actStandardFragmentInsertionTagProcessor : [THYMELEAF][http-nio-8080-exec-1][/index] Deprecated unwrapped fragment expression "/include/_header.html" found in template /index, line 67, col 10. Please use the complete syntax of fragment expressions instead ("~{/include/_header.html}"). The old, unwrapped syntax for fragment expressions will be removed in future versions of Thymeleaf.
2024-03-15T17:29:23.869+09:00  WARN 5712 --- [http-nio-8080-exec-1] actStandardFragmentInsertionTagProcessor : [THYMELEAF][http-nio-8080-exec-1][/index] Deprecated unwrapped fragment expression "/include/_footer.html" found in template /index, line 68, col 10. Please use the complete syntax of fragment expressions instead ("~{/include/_footer.html}"). The old, unwrapped syntax for fragment expressions will be removed in future versions of Thymeleaf.
2024-03-15T17:29:23.869+09:00  WARN 5712 --- [http-nio-8080-exec-1] o.t.s.p.StandardIncludeTagProcessor      : [THYMELEAF][http-nio-8080-exec-1][/index] Deprecated attribute {th:include,data-th-include} found in template /index, line 70, col 15. Please use {th:insert,data-th-insert} instead, this deprecated attribute will be removed in future versions of Thymeleaf.
2024-03-15T17:29:23.870+09:00  WARN 5712 --- [http-nio-8080-exec-1] o.t.s.p.StandardIncludeTagProcessor      : [THYMELEAF][http-nio-8080-exec-1][/index] Deprecated attribute {th:include,data-th-include} found in template /index, line 71, col 15. Please use {th:insert,data-th-insert} instead, this deprecated attribute will be removed in future versions of Thymeleaf.
2024-03-15T17:29:26.037+09:00  INFO 5712 --- [http-nio-8080-exec-2] com.zaxxer.hikari.HikariDataSource       : HikariPool-2 - Starting...
2024-03-15T17:29:26.052+09:00  INFO 5712 --- [http-nio-8080-exec-2] com.zaxxer.hikari.pool.HikariPool        : HikariPool-2 - Added connection com.mysql.cj.jdbc.ConnectionImpl@67d0a154
2024-03-15T17:29:26.053+09:00  INFO 5712 --- [http-nio-8080-exec-2] com.zaxxer.hikari.HikariDataSource       : HikariPool-2 - Start completed.
2024-03-15T17:30:00.108+09:00  WARN 5712 --- [http-nio-8080-exec-10] o.t.s.p.StandardIncludeTagProcessor      : [THYMELEAF][http-nio-8080-exec-10][/index] Deprecated attribute {th:include,data-th-include} found in template /index, line 61, col 15. Please use {th:insert,data-th-insert} instead, this deprecated attribute will be removed in future versions of Thymeleaf.
2024-03-15T17:30:00.109+09:00  WARN 5712 --- [http-nio-8080-exec-10] actStandardFragmentInsertionTagProcessor : [THYMELEAF][http-nio-8080-exec-10][/index] Deprecated unwrapped fragment expression "/include/_header.html" found in template /index, line 61, col 15. Please use the complete syntax of fragment expressions instead ("~{/include/_header.html}"). The old, unwrapped syntax for fragment expressions will be removed in future versions of Thymeleaf.
2024-03-15T17:30:00.109+09:00  WARN 5712 --- [http-nio-8080-exec-10] o.t.s.p.StandardIncludeTagProcessor      : [THYMELEAF][http-nio-8080-exec-10][/index] Deprecated attribute {th:include,data-th-include} found in template /index, line 62, col 15. Please use {th:insert,data-th-insert} instead, this deprecated attribute will be removed in future versions of Thymeleaf.
2024-03-15T17:30:00.110+09:00  WARN 5712 --- [http-nio-8080-exec-10] actStandardFragmentInsertionTagProcessor : [THYMELEAF][http-nio-8080-exec-10][/index] Deprecated unwrapped fragment expression "/include/_footer.html" found in template /index, line 62, col 15. Please use the complete syntax of fragment expressions instead ("~{/include/_footer.html}"). The old, unwrapped syntax for fragment expressions will be removed in future versions of Thymeleaf.
2024-03-15T17:30:00.110+09:00  WARN 5712 --- [http-nio-8080-exec-10] actStandardFragmentInsertionTagProcessor : [THYMELEAF][http-nio-8080-exec-10][/index] Deprecated unwrapped fragment expression "/include/_header.html" found in template /index, line 64, col 10. Please use the complete syntax of fragment expressions instead ("~{/include/_header.html}"). The old, unwrapped syntax for fragment expressions will be removed in future versions of Thymeleaf.
2024-03-15T17:30:00.110+09:00  WARN 5712 --- [http-nio-8080-exec-10] actStandardFragmentInsertionTagProcessor : [THYMELEAF][http-nio-8080-exec-10][/index] Deprecated unwrapped fragment expression "/include/_footer.html" found in template /index, line 65, col 10. Please use the complete syntax of fragment expressions instead ("~{/include/_footer.html}"). The old, unwrapped syntax for fragment expressions will be removed in future versions of Thymeleaf.
2024-03-15T17:30:00.111+09:00  WARN 5712 --- [http-nio-8080-exec-10] actStandardFragmentInsertionTagProcessor : [THYMELEAF][http-nio-8080-exec-10][/index] Deprecated unwrapped fragment expression "/include/_header.html" found in template /index, line 67, col 10. Please use the complete syntax of fragment expressions instead ("~{/include/_header.html}"). The old, unwrapped syntax for fragment expressions will be removed in future versions of Thymeleaf.
2024-03-15T17:30:00.111+09:00  WARN 5712 --- [http-nio-8080-exec-10] actStandardFragmentInsertionTagProcessor : [THYMELEAF][http-nio-8080-exec-10][/index] Deprecated unwrapped fragment expression "/include/_footer.html" found in template /index, line 68, col 10. Please use the complete syntax of fragment expressions instead ("~{/include/_footer.html}"). The old, unwrapped syntax for fragment expressions will be removed in future versions of Thymeleaf.
2024-03-15T17:30:00.112+09:00  WARN 5712 --- [http-nio-8080-exec-10] o.t.s.p.StandardIncludeTagProcessor      : [THYMELEAF][http-nio-8080-exec-10][/index] Deprecated attribute {th:include,data-th-include} found in template /index, line 70, col 15. Please use {th:insert,data-th-insert} instead, this deprecated attribute will be removed in future versions of Thymeleaf.
2024-03-15T17:30:00.113+09:00  WARN 5712 --- [http-nio-8080-exec-10] o.t.s.p.StandardIncludeTagProcessor      : [THYMELEAF][http-nio-8080-exec-10][/index] Deprecated attribute {th:include,data-th-include} found in template /index, line 71, col 15. Please use {th:insert,data-th-insert} instead, this deprecated attribute will be removed in future versions of Thymeleaf.
2024-03-15T17:30:24.548+09:00  INFO 5712 --- [File Watcher] rtingClassPathChangeChangedEventListener : Restarting due to 31 class path changes (3 additions, 0 deletions, 28 modifications)
2024-03-15T17:30:24.552+09:00  INFO 5712 --- [Thread-19] com.zaxxer.hikari.HikariDataSource       : HikariPool-2 - Shutdown initiated...
2024-03-15T17:30:24.555+09:00  INFO 5712 --- [Thread-19] com.zaxxer.hikari.HikariDataSource       : HikariPool-2 - Shutdown completed.
2024-03-15T17:30:24.595+09:00  INFO 5712 --- [restartedMain] kr.co.ch06.Ch06Application               : Starting Ch06Application using Java 17.0.9 with PID 5712 (C:\Users\java\Desktop\workspace\Spring\ch06\build\classes\java\main started by java in C:\Users\java\Desktop\workspace\Spring\ch06)
2024-03-15T17:30:24.595+09:00  INFO 5712 --- [restartedMain] kr.co.ch06.Ch06Application               : No active profile set, falling back to 1 default profile: "default"
2024-03-15T17:30:24.694+09:00  INFO 5712 --- [restartedMain] o.s.b.w.embedded.tomcat.TomcatWebServer  : Tomcat initialized with port 8080 (http)
2024-03-15T17:30:24.694+09:00  INFO 5712 --- [restartedMain] o.apache.catalina.core.StandardService   : Starting service [Tomcat]
2024-03-15T17:30:24.695+09:00  INFO 5712 --- [restartedMain] o.apache.catalina.core.StandardEngine    : Starting Servlet engine: [Apache Tomcat/10.1.19]
2024-03-15T17:30:24.701+09:00  INFO 5712 --- [restartedMain] o.a.c.c.C.[Tomcat].[localhost].[/ch06]   : Initializing Spring embedded WebApplicationContext
2024-03-15T17:30:24.702+09:00  INFO 5712 --- [restartedMain] w.s.c.ServletWebServerApplicationContext : Root WebApplicationContext: initialization completed in 106 ms
2024-03-15T17:30:24.732+09:00  INFO 5712 --- [restartedMain] o.s.b.a.w.s.WelcomePageHandlerMapping    : Adding welcome page template: index
2024-03-15T17:30:24.762+09:00  INFO 5712 --- [restartedMain] o.s.b.d.a.OptionalLiveReloadServer       : LiveReload server is running on port 35729
2024-03-15T17:30:24.766+09:00  INFO 5712 --- [restartedMain] o.s.b.w.embedded.tomcat.TomcatWebServer  : Tomcat started on port 8080 (http) with context path '/ch06'
2024-03-15T17:30:24.768+09:00  INFO 5712 --- [restartedMain] kr.co.ch06.Ch06Application               : Started Ch06Application in 0.184 seconds (process running for 1204.632)
2024-03-15T17:30:24.769+09:00  INFO 5712 --- [restartedMain] .ConditionEvaluationDeltaLoggingListener : Condition evaluation unchanged
2024-03-15T17:32:57.714+09:00  INFO 5712 --- [File Watcher] rtingClassPathChangeChangedEventListener : Restarting due to 31 class path changes (0 additions, 0 deletions, 31 modifications)
2024-03-15T17:32:57.757+09:00  INFO 5712 --- [restartedMain] kr.co.ch06.Ch06Application               : Starting Ch06Application using Java 17.0.9 with PID 5712 (C:\Users\java\Desktop\workspace\Spring\ch06\build\classes\java\main started by java in C:\Users\java\Desktop\workspace\Spring\ch06)
2024-03-15T17:32:57.758+09:00  INFO 5712 --- [restartedMain] kr.co.ch06.Ch06Application               : No active profile set, falling back to 1 default profile: "default"
2024-03-15T17:32:57.857+09:00  INFO 5712 --- [restartedMain] o.s.b.w.embedded.tomcat.TomcatWebServer  : Tomcat initialized with port 8080 (http)
2024-03-15T17:32:57.857+09:00  INFO 5712 --- [restartedMain] o.apache.catalina.core.StandardService   : Starting service [Tomcat]
2024-03-15T17:32:57.857+09:00  INFO 5712 --- [restartedMain] o.apache.catalina.core.StandardEngine    : Starting Servlet engine: [Apache Tomcat/10.1.19]
2024-03-15T17:32:57.866+09:00  INFO 5712 --- [restartedMain] o.a.c.c.C.[Tomcat].[localhost].[/ch06]   : Initializing Spring embedded WebApplicationContext
2024-03-15T17:32:57.866+09:00  INFO 5712 --- [restartedMain] w.s.c.ServletWebServerApplicationContext : Root WebApplicationContext: initialization completed in 108 ms
2024-03-15T17:32:57.897+09:00  INFO 5712 --- [restartedMain] o.s.b.a.w.s.WelcomePageHandlerMapping    : Adding welcome page template: index
2024-03-15T17:32:57.925+09:00  INFO 5712 --- [restartedMain] o.s.b.d.a.OptionalLiveReloadServer       : LiveReload server is running on port 35729
2024-03-15T17:32:57.929+09:00  INFO 5712 --- [restartedMain] o.s.b.w.embedded.tomcat.TomcatWebServer  : Tomcat started on port 8080 (http) with context path '/ch06'
2024-03-15T17:32:57.932+09:00  INFO 5712 --- [restartedMain] kr.co.ch06.Ch06Application               : Started Ch06Application in 0.186 seconds (process running for 1357.795)
2024-03-15T17:32:57.932+09:00  INFO 5712 --- [restartedMain] .ConditionEvaluationDeltaLoggingListener : Condition evaluation unchanged
2024-03-15T17:33:12.593+09:00  INFO 5712 --- [File Watcher] rtingClassPathChangeChangedEventListener : Restarting due to 31 class path changes (0 additions, 0 deletions, 31 modifications)
2024-03-15T17:33:12.660+09:00  INFO 5712 --- [restartedMain] kr.co.ch06.Ch06Application               : Starting Ch06Application using Java 17.0.9 with PID 5712 (C:\Users\java\Desktop\workspace\Spring\ch06\build\classes\java\main started by java in C:\Users\java\Desktop\workspace\Spring\ch06)
2024-03-15T17:33:12.661+09:00  INFO 5712 --- [restartedMain] kr.co.ch06.Ch06Application               : No active profile set, falling back to 1 default profile: "default"
2024-03-15T17:33:12.844+09:00  INFO 5712 --- [restartedMain] o.s.b.w.embedded.tomcat.TomcatWebServer  : Tomcat initialized with port 8080 (http)
2024-03-15T17:33:12.845+09:00  INFO 5712 --- [restartedMain] o.apache.catalina.core.StandardService   : Starting service [Tomcat]
2024-03-15T17:33:12.845+09:00  INFO 5712 --- [restartedMain] o.apache.catalina.core.StandardEngine    : Starting Servlet engine: [Apache Tomcat/10.1.19]
2024-03-15T17:33:12.854+09:00  INFO 5712 --- [restartedMain] o.a.c.c.C.[Tomcat].[localhost].[/ch06]   : Initializing Spring embedded WebApplicationContext
2024-03-15T17:33:12.854+09:00  INFO 5712 --- [restartedMain] w.s.c.ServletWebServerApplicationContext : Root WebApplicationContext: initialization completed in 192 ms
2024-03-15T17:33:12.892+09:00  INFO 5712 --- [restartedMain] o.s.b.a.w.s.WelcomePageHandlerMapping    : Adding welcome page template: index
2024-03-15T17:33:12.928+09:00  INFO 5712 --- [restartedMain] o.s.b.d.a.OptionalLiveReloadServer       : LiveReload server is running on port 35729
2024-03-15T17:33:12.933+09:00  INFO 5712 --- [restartedMain] o.s.b.w.embedded.tomcat.TomcatWebServer  : Tomcat started on port 8080 (http) with context path '/ch06'
2024-03-15T17:33:12.936+09:00  INFO 5712 --- [restartedMain] kr.co.ch06.Ch06Application               : Started Ch06Application in 0.293 seconds (process running for 1372.799)
2024-03-15T17:33:12.936+09:00  INFO 5712 --- [restartedMain] .ConditionEvaluationDeltaLoggingListener : Condition evaluation unchanged
2024-03-15T17:34:11.821+09:00  INFO 5712 --- [File Watcher] rtingClassPathChangeChangedEventListener : Restarting due to 32 class path changes (1 addition, 0 deletions, 31 modifications)
2024-03-15T17:34:11.861+09:00  INFO 5712 --- [restartedMain] kr.co.ch06.Ch06Application               : Starting Ch06Application using Java 17.0.9 with PID 5712 (C:\Users\java\Desktop\workspace\Spring\ch06\build\classes\java\main started by java in C:\Users\java\Desktop\workspace\Spring\ch06)
2024-03-15T17:34:11.861+09:00  INFO 5712 --- [restartedMain] kr.co.ch06.Ch06Application               : No active profile set, falling back to 1 default profile: "default"
2024-03-15T17:34:11.958+09:00  INFO 5712 --- [restartedMain] o.s.b.w.embedded.tomcat.TomcatWebServer  : Tomcat initialized with port 8080 (http)
2024-03-15T17:34:11.959+09:00  INFO 5712 --- [restartedMain] o.apache.catalina.core.StandardService   : Starting service [Tomcat]
2024-03-15T17:34:11.959+09:00  INFO 5712 --- [restartedMain] o.apache.catalina.core.StandardEngine    : Starting Servlet engine: [Apache Tomcat/10.1.19]
2024-03-15T17:34:11.967+09:00  INFO 5712 --- [restartedMain] o.a.c.c.C.[Tomcat].[localhost].[/ch06]   : Initializing Spring embedded WebApplicationContext
2024-03-15T17:34:11.967+09:00  INFO 5712 --- [restartedMain] w.s.c.ServletWebServerApplicationContext : Root WebApplicationContext: initialization completed in 105 ms
2024-03-15T17:34:11.992+09:00  WARN 5712 --- [restartedMain] ConfigServletWebServerApplicationContext : Exception encountered during context initialization - cancelling refresh attempt: org.springframework.beans.factory.UnsatisfiedDependencyException: Error creating bean with name 'user1Controller' defined in file [C:\Users\java\Desktop\workspace\Spring\ch06\build\classes\java\main\kr\co\ch06\controller\User1Controller.class]: Unsatisfied dependency expressed through constructor parameter 0: Error creating bean with name 'user1Service' defined in file [C:\Users\java\Desktop\workspace\Spring\ch06\build\classes\java\main\kr\co\ch06\service\User1Service.class]: Unsatisfied dependency expressed through constructor parameter 0: Error creating bean with name 'user1Mapper' defined in file [C:\Users\java\Desktop\workspace\Spring\ch06\build\classes\java\main\kr\co\ch06\mapper\User1Mapper.class]: Cannot resolve reference to bean 'sqlSessionTemplate' while setting bean property 'sqlSessionTemplate'
2024-03-15T17:34:11.993+09:00  INFO 5712 --- [restartedMain] o.apache.catalina.core.StandardService   : Stopping service [Tomcat]
2024-03-15T17:34:11.996+09:00  INFO 5712 --- [restartedMain] .s.b.a.l.ConditionEvaluationReportLogger : 

Error starting ApplicationContext. To display the condition evaluation report re-run your application with 'debug' enabled.
2024-03-15T17:34:12.008+09:00 ERROR 5712 --- [restartedMain] o.s.boot.SpringApplication               : Application run failed

org.springframework.beans.factory.UnsatisfiedDependencyException: Error creating bean with name 'user1Controller' defined in file [C:\Users\java\Desktop\workspace\Spring\ch06\build\classes\java\main\kr\co\ch06\controller\User1Controller.class]: Unsatisfied dependency expressed through constructor parameter 0: Error creating bean with name 'user1Service' defined in file [C:\Users\java\Desktop\workspace\Spring\ch06\build\classes\java\main\kr\co\ch06\service\User1Service.class]: Unsatisfied dependency expressed through constructor parameter 0: Error creating bean with name 'user1Mapper' defined in file [C:\Users\java\Desktop\workspace\Spring\ch06\build\classes\java\main\kr\co\ch06\mapper\User1Mapper.class]: Cannot resolve reference to bean 'sqlSessionTemplate' while setting bean property 'sqlSessionTemplate'
	at org.springframework.beans.factory.support.ConstructorResolver.createArgumentArray(ConstructorResolver.java:798) ~[spring-beans-6.1.4.jar:6.1.4]
	at org.springframework.beans.factory.support.ConstructorResolver.autowireConstructor(ConstructorResolver.java:237) ~[spring-beans-6.1.4.jar:6.1.4]
	at org.springframework.beans.factory.support.AbstractAutowireCapableBeanFactory.autowireConstructor(AbstractAutowireCapableBeanFactory.java:1355) ~[spring-beans-6.1.4.jar:6.1.4]
	at org.springframework.beans.factory.support.AbstractAutowireCapableBeanFactory.createBeanInstance(AbstractAutowireCapableBeanFactory.java:1192) ~[spring-beans-6.1.4.jar:6.1.4]
	at org.springframework.beans.factory.support.AbstractAutowireCapableBeanFactory.doCreateBean(AbstractAutowireCapableBeanFactory.java:562) ~[spring-beans-6.1.4.jar:6.1.4]
	at org.springframework.beans.factory.support.AbstractAutowireCapableBeanFactory.createBean(AbstractAutowireCapableBeanFactory.java:522) ~[spring-beans-6.1.4.jar:6.1.4]
	at org.springframework.beans.factory.support.AbstractBeanFactory.lambda$doGetBean$0(AbstractBeanFactory.java:325) ~[spring-beans-6.1.4.jar:6.1.4]
	at org.springframework.beans.factory.support.DefaultSingletonBeanRegistry.getSingleton(DefaultSingletonBeanRegistry.java:234) ~[spring-beans-6.1.4.jar:6.1.4]
	at org.springframework.beans.factory.support.AbstractBeanFactory.doGetBean(AbstractBeanFactory.java:323) ~[spring-beans-6.1.4.jar:6.1.4]
	at org.springframework.beans.factory.support.AbstractBeanFactory.getBean(AbstractBeanFactory.java:199) ~[spring-beans-6.1.4.jar:6.1.4]
	at org.springframework.beans.factory.support.DefaultListableBeanFactory.preInstantiateSingletons(DefaultListableBeanFactory.java:975) ~[spring-beans-6.1.4.jar:6.1.4]
	at org.springframework.context.support.AbstractApplicationContext.finishBeanFactoryInitialization(AbstractApplicationContext.java:959) ~[spring-context-6.1.4.jar:6.1.4]
	at org.springframework.context.support.AbstractApplicationContext.refresh(AbstractApplicationContext.java:624) ~[spring-context-6.1.4.jar:6.1.4]
	at org.springframework.boot.web.servlet.context.ServletWebServerApplicationContext.refresh(ServletWebServerApplicationContext.java:146) ~[spring-boot-3.2.3.jar:3.2.3]
	at org.springframework.boot.SpringApplication.refresh(SpringApplication.java:754) ~[spring-boot-3.2.3.jar:3.2.3]
	at org.springframework.boot.SpringApplication.refreshContext(SpringApplication.java:456) ~[spring-boot-3.2.3.jar:3.2.3]
	at org.springframework.boot.SpringApplication.run(SpringApplication.java:334) ~[spring-boot-3.2.3.jar:3.2.3]
	at org.springframework.boot.SpringApplication.run(SpringApplication.java:1354) ~[spring-boot-3.2.3.jar:3.2.3]
	at org.springframework.boot.SpringApplication.run(SpringApplication.java:1343) ~[spring-boot-3.2.3.jar:3.2.3]
	at kr.co.ch06.Ch06Application.main(Ch06Application.java:10) ~[main/:na]
	at java.base/jdk.internal.reflect.NativeMethodAccessorImpl.invoke0(Native Method) ~[na:na]
	at java.base/jdk.internal.reflect.NativeMethodAccessorImpl.invoke(NativeMethodAccessorImpl.java:77) ~[na:na]
	at java.base/jdk.internal.reflect.DelegatingMethodAccessorImpl.invoke(DelegatingMethodAccessorImpl.java:43) ~[na:na]
	at java.base/java.lang.reflect.Method.invoke(Method.java:568) ~[na:na]
	at org.springframework.boot.devtools.restart.RestartLauncher.run(RestartLauncher.java:50) ~[spring-boot-devtools-3.2.3.jar:3.2.3]
Caused by: org.springframework.beans.factory.UnsatisfiedDependencyException: Error creating bean with name 'user1Service' defined in file [C:\Users\java\Desktop\workspace\Spring\ch06\build\classes\java\main\kr\co\ch06\service\User1Service.class]: Unsatisfied dependency expressed through constructor parameter 0: Error creating bean with name 'user1Mapper' defined in file [C:\Users\java\Desktop\workspace\Spring\ch06\build\classes\java\main\kr\co\ch06\mapper\User1Mapper.class]: Cannot resolve reference to bean 'sqlSessionTemplate' while setting bean property 'sqlSessionTemplate'
	at org.springframework.beans.factory.support.ConstructorResolver.createArgumentArray(ConstructorResolver.java:798) ~[spring-beans-6.1.4.jar:6.1.4]
	at org.springframework.beans.factory.support.ConstructorResolver.autowireConstructor(ConstructorResolver.java:237) ~[spring-beans-6.1.4.jar:6.1.4]
	at org.springframework.beans.factory.support.AbstractAutowireCapableBeanFactory.autowireConstructor(AbstractAutowireCapableBeanFactory.java:1355) ~[spring-beans-6.1.4.jar:6.1.4]
	at org.springframework.beans.factory.support.AbstractAutowireCapableBeanFactory.createBeanInstance(AbstractAutowireCapableBeanFactory.java:1192) ~[spring-beans-6.1.4.jar:6.1.4]
	at org.springframework.beans.factory.support.AbstractAutowireCapableBeanFactory.doCreateBean(AbstractAutowireCapableBeanFactory.java:562) ~[spring-beans-6.1.4.jar:6.1.4]
	at org.springframework.beans.factory.support.AbstractAutowireCapableBeanFactory.createBean(AbstractAutowireCapableBeanFactory.java:522) ~[spring-beans-6.1.4.jar:6.1.4]
	at org.springframework.beans.factory.support.AbstractBeanFactory.lambda$doGetBean$0(AbstractBeanFactory.java:325) ~[spring-beans-6.1.4.jar:6.1.4]
	at org.springframework.beans.factory.support.DefaultSingletonBeanRegistry.getSingleton(DefaultSingletonBeanRegistry.java:234) ~[spring-beans-6.1.4.jar:6.1.4]
	at org.springframework.beans.factory.support.AbstractBeanFactory.doGetBean(AbstractBeanFactory.java:323) ~[spring-beans-6.1.4.jar:6.1.4]
	at org.springframework.beans.factory.support.AbstractBeanFactory.getBean(AbstractBeanFactory.java:199) ~[spring-beans-6.1.4.jar:6.1.4]
	at org.springframework.beans.factory.config.DependencyDescriptor.resolveCandidate(DependencyDescriptor.java:254) ~[spring-beans-6.1.4.jar:6.1.4]
	at org.springframework.beans.factory.support.DefaultListableBeanFactory.doResolveDependency(DefaultListableBeanFactory.java:1443) ~[spring-beans-6.1.4.jar:6.1.4]
	at org.springframework.beans.factory.support.DefaultListableBeanFactory.resolveDependency(DefaultListableBeanFactory.java:1353) ~[spring-beans-6.1.4.jar:6.1.4]
	at org.springframework.beans.factory.support.ConstructorResolver.resolveAutowiredArgument(ConstructorResolver.java:907) ~[spring-beans-6.1.4.jar:6.1.4]
	at org.springframework.beans.factory.support.ConstructorResolver.createArgumentArray(ConstructorResolver.java:785) ~[spring-beans-6.1.4.jar:6.1.4]
	... 24 common frames omitted
Caused by: org.springframework.beans.factory.BeanCreationException: Error creating bean with name 'user1Mapper' defined in file [C:\Users\java\Desktop\workspace\Spring\ch06\build\classes\java\main\kr\co\ch06\mapper\User1Mapper.class]: Cannot resolve reference to bean 'sqlSessionTemplate' while setting bean property 'sqlSessionTemplate'
	at org.springframework.beans.factory.support.BeanDefinitionValueResolver.resolveReference(BeanDefinitionValueResolver.java:377) ~[spring-beans-6.1.4.jar:6.1.4]
	at org.springframework.beans.factory.support.BeanDefinitionValueResolver.resolveValueIfNecessary(BeanDefinitionValueResolver.java:135) ~[spring-beans-6.1.4.jar:6.1.4]
	at org.springframework.beans.factory.support.AbstractAutowireCapableBeanFactory.applyPropertyValues(AbstractAutowireCapableBeanFactory.java:1685) ~[spring-beans-6.1.4.jar:6.1.4]
	at org.springframework.beans.factory.support.AbstractAutowireCapableBeanFactory.populateBean(AbstractAutowireCapableBeanFactory.java:1434) ~[spring-beans-6.1.4.jar:6.1.4]
	at org.springframework.beans.factory.support.AbstractAutowireCapableBeanFactory.doCreateBean(AbstractAutowireCapableBeanFactory.java:599) ~[spring-beans-6.1.4.jar:6.1.4]
	at org.springframework.beans.factory.support.AbstractAutowireCapableBeanFactory.createBean(AbstractAutowireCapableBeanFactory.java:522) ~[spring-beans-6.1.4.jar:6.1.4]
	at org.springframework.beans.factory.support.AbstractBeanFactory.lambda$doGetBean$0(AbstractBeanFactory.java:325) ~[spring-beans-6.1.4.jar:6.1.4]
	at org.springframework.beans.factory.support.DefaultSingletonBeanRegistry.getSingleton(DefaultSingletonBeanRegistry.java:234) ~[spring-beans-6.1.4.jar:6.1.4]
	at org.springframework.beans.factory.support.AbstractBeanFactory.doGetBean(AbstractBeanFactory.java:323) ~[spring-beans-6.1.4.jar:6.1.4]
	at org.springframework.beans.factory.support.AbstractBeanFactory.getBean(AbstractBeanFactory.java:199) ~[spring-beans-6.1.4.jar:6.1.4]
	at org.springframework.beans.factory.config.DependencyDescriptor.resolveCandidate(DependencyDescriptor.java:254) ~[spring-beans-6.1.4.jar:6.1.4]
	at org.springframework.beans.factory.support.DefaultListableBeanFactory.doResolveDependency(DefaultListableBeanFactory.java:1443) ~[spring-beans-6.1.4.jar:6.1.4]
	at org.springframework.beans.factory.support.DefaultListableBeanFactory.resolveDependency(DefaultListableBeanFactory.java:1353) ~[spring-beans-6.1.4.jar:6.1.4]
	at org.springframework.beans.factory.support.ConstructorResolver.resolveAutowiredArgument(ConstructorResolver.java:907) ~[spring-beans-6.1.4.jar:6.1.4]
	at org.springframework.beans.factory.support.ConstructorResolver.createArgumentArray(ConstructorResolver.java:785) ~[spring-beans-6.1.4.jar:6.1.4]
	... 38 common frames omitted
Caused by: org.springframework.beans.factory.UnsatisfiedDependencyException: Error creating bean with name 'sqlSessionTemplate' defined in class path resource [org/mybatis/spring/boot/autoconfigure/MybatisAutoConfiguration.class]: Unsatisfied dependency expressed through method 'sqlSessionTemplate' parameter 0: Error creating bean with name 'sqlSessionFactory' defined in class path resource [org/mybatis/spring/boot/autoconfigure/MybatisAutoConfiguration.class]: Failed to instantiate [org.apache.ibatis.session.SqlSessionFactory]: Factory method 'sqlSessionFactory' threw exception with message: Failed to parse mapping resource: 'file [C:\Users\java\Desktop\workspace\Spring\ch06\build\resources\main\mappers\user5.xml]'
	at org.springframework.beans.factory.support.ConstructorResolver.createArgumentArray(ConstructorResolver.java:798) ~[spring-beans-6.1.4.jar:6.1.4]
	at org.springframework.beans.factory.support.ConstructorResolver.instantiateUsingFactoryMethod(ConstructorResolver.java:542) ~[spring-beans-6.1.4.jar:6.1.4]
	at org.springframework.beans.factory.support.AbstractAutowireCapableBeanFactory.instantiateUsingFactoryMethod(AbstractAutowireCapableBeanFactory.java:1335) ~[spring-beans-6.1.4.jar:6.1.4]
	at org.springframework.beans.factory.support.AbstractAutowireCapableBeanFactory.createBeanInstance(AbstractAutowireCapableBeanFactory.java:1165) ~[spring-beans-6.1.4.jar:6.1.4]
	at org.springframework.beans.factory.support.AbstractAutowireCapableBeanFactory.doCreateBean(AbstractAutowireCapableBeanFactory.java:562) ~[spring-beans-6.1.4.jar:6.1.4]
	at org.springframework.beans.factory.support.AbstractAutowireCapableBeanFactory.createBean(AbstractAutowireCapableBeanFactory.java:522) ~[spring-beans-6.1.4.jar:6.1.4]
	at org.springframework.beans.factory.support.AbstractBeanFactory.lambda$doGetBean$0(AbstractBeanFactory.java:325) ~[spring-beans-6.1.4.jar:6.1.4]
	at org.springframework.beans.factory.support.DefaultSingletonBeanRegistry.getSingleton(DefaultSingletonBeanRegistry.java:234) ~[spring-beans-6.1.4.jar:6.1.4]
	at org.springframework.beans.factory.support.AbstractBeanFactory.doGetBean(AbstractBeanFactory.java:323) ~[spring-beans-6.1.4.jar:6.1.4]
	at org.springframework.beans.factory.support.AbstractBeanFactory.getBean(AbstractBeanFactory.java:199) ~[spring-beans-6.1.4.jar:6.1.4]
	at org.springframework.beans.factory.support.BeanDefinitionValueResolver.resolveReference(BeanDefinitionValueResolver.java:365) ~[spring-beans-6.1.4.jar:6.1.4]
	... 52 common frames omitted
Caused by: org.springframework.beans.factory.BeanCreationException: Error creating bean with name 'sqlSessionFactory' defined in class path resource [org/mybatis/spring/boot/autoconfigure/MybatisAutoConfiguration.class]: Failed to instantiate [org.apache.ibatis.session.SqlSessionFactory]: Factory method 'sqlSessionFactory' threw exception with message: Failed to parse mapping resource: 'file [C:\Users\java\Desktop\workspace\Spring\ch06\build\resources\main\mappers\user5.xml]'
	at org.springframework.beans.factory.support.ConstructorResolver.instantiate(ConstructorResolver.java:651) ~[spring-beans-6.1.4.jar:6.1.4]
	at org.springframework.beans.factory.support.ConstructorResolver.instantiateUsingFactoryMethod(ConstructorResolver.java:639) ~[spring-beans-6.1.4.jar:6.1.4]
	at org.springframework.beans.factory.support.AbstractAutowireCapableBeanFactory.instantiateUsingFactoryMethod(AbstractAutowireCapableBeanFactory.java:1335) ~[spring-beans-6.1.4.jar:6.1.4]
	at org.springframework.beans.factory.support.AbstractAutowireCapableBeanFactory.createBeanInstance(AbstractAutowireCapableBeanFactory.java:1165) ~[spring-beans-6.1.4.jar:6.1.4]
	at org.springframework.beans.factory.support.AbstractAutowireCapableBeanFactory.doCreateBean(AbstractAutowireCapableBeanFactory.java:562) ~[spring-beans-6.1.4.jar:6.1.4]
	at org.springframework.beans.factory.support.AbstractAutowireCapableBeanFactory.createBean(AbstractAutowireCapableBeanFactory.java:522) ~[spring-beans-6.1.4.jar:6.1.4]
	at org.springframework.beans.factory.support.AbstractBeanFactory.lambda$doGetBean$0(AbstractBeanFactory.java:325) ~[spring-beans-6.1.4.jar:6.1.4]
	at org.springframework.beans.factory.support.DefaultSingletonBeanRegistry.getSingleton(DefaultSingletonBeanRegistry.java:234) ~[spring-beans-6.1.4.jar:6.1.4]
	at org.springframework.beans.factory.support.AbstractBeanFactory.doGetBean(AbstractBeanFactory.java:323) ~[spring-beans-6.1.4.jar:6.1.4]
	at org.springframework.beans.factory.support.AbstractBeanFactory.getBean(AbstractBeanFactory.java:199) ~[spring-beans-6.1.4.jar:6.1.4]
	at org.springframework.beans.factory.config.DependencyDescriptor.resolveCandidate(DependencyDescriptor.java:254) ~[spring-beans-6.1.4.jar:6.1.4]
	at org.springframework.beans.factory.support.DefaultListableBeanFactory.doResolveDependency(DefaultListableBeanFactory.java:1443) ~[spring-beans-6.1.4.jar:6.1.4]
	at org.springframework.beans.factory.support.DefaultListableBeanFactory.resolveDependency(DefaultListableBeanFactory.java:1353) ~[spring-beans-6.1.4.jar:6.1.4]
	at org.springframework.beans.factory.support.ConstructorResolver.resolveAutowiredArgument(ConstructorResolver.java:907) ~[spring-beans-6.1.4.jar:6.1.4]
	at org.springframework.beans.factory.support.ConstructorResolver.createArgumentArray(ConstructorResolver.java:785) ~[spring-beans-6.1.4.jar:6.1.4]
	... 62 common frames omitted
Caused by: org.springframework.beans.BeanInstantiationException: Failed to instantiate [org.apache.ibatis.session.SqlSessionFactory]: Factory method 'sqlSessionFactory' threw exception with message: Failed to parse mapping resource: 'file [C:\Users\java\Desktop\workspace\Spring\ch06\build\resources\main\mappers\user5.xml]'
	at org.springframework.beans.factory.support.SimpleInstantiationStrategy.instantiate(SimpleInstantiationStrategy.java:177) ~[spring-beans-6.1.4.jar:6.1.4]
	at org.springframework.beans.factory.support.ConstructorResolver.instantiate(ConstructorResolver.java:647) ~[spring-beans-6.1.4.jar:6.1.4]
	... 76 common frames omitted
Caused by: java.io.IOException: Failed to parse mapping resource: 'file [C:\Users\java\Desktop\workspace\Spring\ch06\build\resources\main\mappers\user5.xml]'
	at org.mybatis.spring.SqlSessionFactoryBean.buildSqlSessionFactory(SqlSessionFactoryBean.java:700) ~[mybatis-spring-3.0.3.jar:3.0.3]
	at org.mybatis.spring.SqlSessionFactoryBean.afterPropertiesSet(SqlSessionFactoryBean.java:577) ~[mybatis-spring-3.0.3.jar:3.0.3]
	at org.mybatis.spring.SqlSessionFactoryBean.getObject(SqlSessionFactoryBean.java:720) ~[mybatis-spring-3.0.3.jar:3.0.3]
	at org.mybatis.spring.boot.autoconfigure.MybatisAutoConfiguration.sqlSessionFactory(MybatisAutoConfiguration.java:189) ~[mybatis-spring-boot-autoconfigure-3.0.3.jar:3.0.3]
	at java.base/jdk.internal.reflect.NativeMethodAccessorImpl.invoke0(Native Method) ~[na:na]
	at java.base/jdk.internal.reflect.NativeMethodAccessorImpl.invoke(NativeMethodAccessorImpl.java:77) ~[na:na]
	at java.base/jdk.internal.reflect.DelegatingMethodAccessorImpl.invoke(DelegatingMethodAccessorImpl.java:43) ~[na:na]
	at java.base/java.lang.reflect.Method.invoke(Method.java:568) ~[na:na]
	at org.springframework.beans.factory.support.SimpleInstantiationStrategy.instantiate(SimpleInstantiationStrategy.java:140) ~[spring-beans-6.1.4.jar:6.1.4]
	... 77 common frames omitted
Caused by: org.apache.ibatis.builder.BuilderException: Error parsing Mapper XML. The XML location is 'file [C:\Users\java\Desktop\workspace\Spring\ch06\build\resources\main\mappers\user5.xml]'. Cause: java.lang.IllegalArgumentException: Mapped Statements collection already contains key kr.co.ch06.mapper.User4Mapper.insertUser4. please check file [C:\Users\java\Desktop\workspace\Spring\ch06\build\resources\main\mappers\user4.xml] and file [C:\Users\java\Desktop\workspace\Spring\ch06\build\resources\main\mappers\user5.xml]
	at org.apache.ibatis.builder.xml.XMLMapperBuilder.configurationElement(XMLMapperBuilder.java:127) ~[mybatis-3.5.14.jar:3.5.14]
	at org.apache.ibatis.builder.xml.XMLMapperBuilder.parse(XMLMapperBuilder.java:100) ~[mybatis-3.5.14.jar:3.5.14]
	at org.mybatis.spring.SqlSessionFactoryBean.buildSqlSessionFactory(SqlSessionFactoryBean.java:698) ~[mybatis-spring-3.0.3.jar:3.0.3]
	... 85 common frames omitted
Caused by: java.lang.IllegalArgumentException: Mapped Statements collection already contains key kr.co.ch06.mapper.User4Mapper.insertUser4. please check file [C:\Users\java\Desktop\workspace\Spring\ch06\build\resources\main\mappers\user4.xml] and file [C:\Users\java\Desktop\workspace\Spring\ch06\build\resources\main\mappers\user5.xml]
	at org.apache.ibatis.session.Configuration$StrictMap.put(Configuration.java:1071) ~[mybatis-3.5.14.jar:3.5.14]
	at org.apache.ibatis.session.Configuration$StrictMap.put(Configuration.java:1024) ~[mybatis-3.5.14.jar:3.5.14]
	at org.apache.ibatis.session.Configuration.addMappedStatement(Configuration.java:822) ~[mybatis-3.5.14.jar:3.5.14]
	at org.apache.ibatis.builder.MapperBuilderAssistant.addMappedStatement(MapperBuilderAssistant.java:223) ~[mybatis-3.5.14.jar:3.5.14]
	at org.apache.ibatis.builder.xml.XMLStatementBuilder.parseStatementNode(XMLStatementBuilder.java:120) ~[mybatis-3.5.14.jar:3.5.14]
	at org.apache.ibatis.builder.xml.XMLMapperBuilder.buildStatementFromContext(XMLMapperBuilder.java:143) ~[mybatis-3.5.14.jar:3.5.14]
	at org.apache.ibatis.builder.xml.XMLMapperBuilder.buildStatementFromContext(XMLMapperBuilder.java:135) ~[mybatis-3.5.14.jar:3.5.14]
	at org.apache.ibatis.builder.xml.XMLMapperBuilder.configurationElement(XMLMapperBuilder.java:125) ~[mybatis-3.5.14.jar:3.5.14]
	... 87 common frames omitted

2024-03-15T17:40:27.835+09:00  INFO 5712 --- [restartedMain] kr.co.ch06.Ch06Application               : Starting Ch06Application using Java 17.0.9 with PID 5712 (C:\Users\java\Desktop\workspace\Spring\ch06\build\classes\java\main started by java in C:\Users\java\Desktop\workspace\Spring\ch06)
2024-03-15T17:40:27.836+09:00  INFO 5712 --- [restartedMain] kr.co.ch06.Ch06Application               : No active profile set, falling back to 1 default profile: "default"
2024-03-15T17:40:27.926+09:00  INFO 5712 --- [restartedMain] o.s.b.w.embedded.tomcat.TomcatWebServer  : Tomcat initialized with port 8080 (http)
2024-03-15T17:40:27.926+09:00  INFO 5712 --- [restartedMain] o.apache.catalina.core.StandardService   : Starting service [Tomcat]
2024-03-15T17:40:27.926+09:00  INFO 5712 --- [restartedMain] o.apache.catalina.core.StandardEngine    : Starting Servlet engine: [Apache Tomcat/10.1.19]
2024-03-15T17:40:27.935+09:00  INFO 5712 --- [restartedMain] o.a.c.c.C.[.[localhost].[/ch06]          : Initializing Spring embedded WebApplicationContext
2024-03-15T17:40:27.935+09:00  INFO 5712 --- [restartedMain] w.s.c.ServletWebServerApplicationContext : Root WebApplicationContext: initialization completed in 98 ms
2024-03-15T17:40:27.965+09:00  INFO 5712 --- [restartedMain] o.s.b.a.w.s.WelcomePageHandlerMapping    : Adding welcome page template: index
2024-03-15T17:40:27.991+09:00  INFO 5712 --- [restartedMain] o.s.b.d.a.OptionalLiveReloadServer       : LiveReload server is running on port 35729
2024-03-15T17:40:27.995+09:00  INFO 5712 --- [restartedMain] o.s.b.w.embedded.tomcat.TomcatWebServer  : Tomcat started on port 8080 (http) with context path '/ch06'
2024-03-15T17:40:27.997+09:00  INFO 5712 --- [restartedMain] kr.co.ch06.Ch06Application               : Started Ch06Application in 0.181 seconds (process running for 1807.861)
2024-03-15T17:40:27.998+09:00  INFO 5712 --- [restartedMain] .ConditionEvaluationDeltaLoggingListener : Condition evaluation unchanged
2024-03-15T17:40:29.100+09:00  INFO 5712 --- [http-nio-8080-exec-1] o.a.c.c.C.[.[localhost].[/ch06]          : Initializing Spring DispatcherServlet 'dispatcherServlet'
2024-03-15T17:40:29.101+09:00  INFO 5712 --- [http-nio-8080-exec-1] o.s.web.servlet.DispatcherServlet        : Initializing Servlet 'dispatcherServlet'
2024-03-15T17:40:29.101+09:00  INFO 5712 --- [http-nio-8080-exec-1] o.s.web.servlet.DispatcherServlet        : Completed initialization in 0 ms
2024-03-15T17:40:29.143+09:00  WARN 5712 --- [http-nio-8080-exec-1] o.t.s.p.StandardIncludeTagProcessor      : [THYMELEAF][http-nio-8080-exec-1][/index] Deprecated attribute {th:include,data-th-include} found in template /index, line 61, col 15. Please use {th:insert,data-th-insert} instead, this deprecated attribute will be removed in future versions of Thymeleaf.
2024-03-15T17:40:29.143+09:00  WARN 5712 --- [http-nio-8080-exec-1] actStandardFragmentInsertionTagProcessor : [THYMELEAF][http-nio-8080-exec-1][/index] Deprecated unwrapped fragment expression "/include/_header.html" found in template /index, line 61, col 15. Please use the complete syntax of fragment expressions instead ("~{/include/_header.html}"). The old, unwrapped syntax for fragment expressions will be removed in future versions of Thymeleaf.
2024-03-15T17:40:29.143+09:00  WARN 5712 --- [http-nio-8080-exec-1] o.t.s.p.StandardIncludeTagProcessor      : [THYMELEAF][http-nio-8080-exec-1][/index] Deprecated attribute {th:include,data-th-include} found in template /index, line 62, col 15. Please use {th:insert,data-th-insert} instead, this deprecated attribute will be removed in future versions of Thymeleaf.
2024-03-15T17:40:29.143+09:00  WARN 5712 --- [http-nio-8080-exec-1] actStandardFragmentInsertionTagProcessor : [THYMELEAF][http-nio-8080-exec-1][/index] Deprecated unwrapped fragment expression "/include/_footer.html" found in template /index, line 62, col 15. Please use the complete syntax of fragment expressions instead ("~{/include/_footer.html}"). The old, unwrapped syntax for fragment expressions will be removed in future versions of Thymeleaf.
2024-03-15T17:40:29.143+09:00  WARN 5712 --- [http-nio-8080-exec-1] actStandardFragmentInsertionTagProcessor : [THYMELEAF][http-nio-8080-exec-1][/index] Deprecated unwrapped fragment expression "/include/_header.html" found in template /index, line 64, col 10. Please use the complete syntax of fragment expressions instead ("~{/include/_header.html}"). The old, unwrapped syntax for fragment expressions will be removed in future versions of Thymeleaf.
2024-03-15T17:40:29.144+09:00  WARN 5712 --- [http-nio-8080-exec-1] actStandardFragmentInsertionTagProcessor : [THYMELEAF][http-nio-8080-exec-1][/index] Deprecated unwrapped fragment expression "/include/_footer.html" found in template /index, line 65, col 10. Please use the complete syntax of fragment expressions instead ("~{/include/_footer.html}"). The old, unwrapped syntax for fragment expressions will be removed in future versions of Thymeleaf.
2024-03-15T17:40:29.144+09:00  WARN 5712 --- [http-nio-8080-exec-1] actStandardFragmentInsertionTagProcessor : [THYMELEAF][http-nio-8080-exec-1][/index] Deprecated unwrapped fragment expression "/include/_header.html" found in template /index, line 67, col 10. Please use the complete syntax of fragment expressions instead ("~{/include/_header.html}"). The old, unwrapped syntax for fragment expressions will be removed in future versions of Thymeleaf.
2024-03-15T17:40:29.144+09:00  WARN 5712 --- [http-nio-8080-exec-1] actStandardFragmentInsertionTagProcessor : [THYMELEAF][http-nio-8080-exec-1][/index] Deprecated unwrapped fragment expression "/include/_footer.html" found in template /index, line 68, col 10. Please use the complete syntax of fragment expressions instead ("~{/include/_footer.html}"). The old, unwrapped syntax for fragment expressions will be removed in future versions of Thymeleaf.
2024-03-15T17:40:29.144+09:00  WARN 5712 --- [http-nio-8080-exec-1] o.t.s.p.StandardIncludeTagProcessor      : [THYMELEAF][http-nio-8080-exec-1][/index] Deprecated attribute {th:include,data-th-include} found in template /index, line 70, col 15. Please use {th:insert,data-th-insert} instead, this deprecated attribute will be removed in future versions of Thymeleaf.
2024-03-15T17:40:29.144+09:00  WARN 5712 --- [http-nio-8080-exec-1] o.t.s.p.StandardIncludeTagProcessor      : [THYMELEAF][http-nio-8080-exec-1][/index] Deprecated attribute {th:include,data-th-include} found in template /index, line 71, col 15. Please use {th:insert,data-th-insert} instead, this deprecated attribute will be removed in future versions of Thymeleaf.
2024-03-15T17:40:29.701+09:00  WARN 5712 --- [http-nio-8080-exec-3] o.t.s.p.StandardIncludeTagProcessor      : [THYMELEAF][http-nio-8080-exec-3][/index] Deprecated attribute {th:include,data-th-include} found in template /index, line 61, col 15. Please use {th:insert,data-th-insert} instead, this deprecated attribute will be removed in future versions of Thymeleaf.
2024-03-15T17:40:29.701+09:00  WARN 5712 --- [http-nio-8080-exec-3] actStandardFragmentInsertionTagProcessor : [THYMELEAF][http-nio-8080-exec-3][/index] Deprecated unwrapped fragment expression "/include/_header.html" found in template /index, line 61, col 15. Please use the complete syntax of fragment expressions instead ("~{/include/_header.html}"). The old, unwrapped syntax for fragment expressions will be removed in future versions of Thymeleaf.
2024-03-15T17:40:29.701+09:00  WARN 5712 --- [http-nio-8080-exec-3] o.t.s.p.StandardIncludeTagProcessor      : [THYMELEAF][http-nio-8080-exec-3][/index] Deprecated attribute {th:include,data-th-include} found in template /index, line 62, col 15. Please use {th:insert,data-th-insert} instead, this deprecated attribute will be removed in future versions of Thymeleaf.
2024-03-15T17:40:29.701+09:00  WARN 5712 --- [http-nio-8080-exec-3] actStandardFragmentInsertionTagProcessor : [THYMELEAF][http-nio-8080-exec-3][/index] Deprecated unwrapped fragment expression "/include/_footer.html" found in template /index, line 62, col 15. Please use the complete syntax of fragment expressions instead ("~{/include/_footer.html}"). The old, unwrapped syntax for fragment expressions will be removed in future versions of Thymeleaf.
2024-03-15T17:40:29.702+09:00  WARN 5712 --- [http-nio-8080-exec-3] actStandardFragmentInsertionTagProcessor : [THYMELEAF][http-nio-8080-exec-3][/index] Deprecated unwrapped fragment expression "/include/_header.html" found in template /index, line 64, col 10. Please use the complete syntax of fragment expressions instead ("~{/include/_header.html}"). The old, unwrapped syntax for fragment expressions will be removed in future versions of Thymeleaf.
2024-03-15T17:40:29.702+09:00  WARN 5712 --- [http-nio-8080-exec-3] actStandardFragmentInsertionTagProcessor : [THYMELEAF][http-nio-8080-exec-3][/index] Deprecated unwrapped fragment expression "/include/_footer.html" found in template /index, line 65, col 10. Please use the complete syntax of fragment expressions instead ("~{/include/_footer.html}"). The old, unwrapped syntax for fragment expressions will be removed in future versions of Thymeleaf.
2024-03-15T17:40:29.703+09:00  WARN 5712 --- [http-nio-8080-exec-3] actStandardFragmentInsertionTagProcessor : [THYMELEAF][http-nio-8080-exec-3][/index] Deprecated unwrapped fragment expression "/include/_header.html" found in template /index, line 67, col 10. Please use the complete syntax of fragment expressions instead ("~{/include/_header.html}"). The old, unwrapped syntax for fragment expressions will be removed in future versions of Thymeleaf.
2024-03-15T17:40:29.703+09:00  WARN 5712 --- [http-nio-8080-exec-3] actStandardFragmentInsertionTagProcessor : [THYMELEAF][http-nio-8080-exec-3][/index] Deprecated unwrapped fragment expression "/include/_footer.html" found in template /index, line 68, col 10. Please use the complete syntax of fragment expressions instead ("~{/include/_footer.html}"). The old, unwrapped syntax for fragment expressions will be removed in future versions of Thymeleaf.
2024-03-15T17:40:29.704+09:00  WARN 5712 --- [http-nio-8080-exec-3] o.t.s.p.StandardIncludeTagProcessor      : [THYMELEAF][http-nio-8080-exec-3][/index] Deprecated attribute {th:include,data-th-include} found in template /index, line 70, col 15. Please use {th:insert,data-th-insert} instead, this deprecated attribute will be removed in future versions of Thymeleaf.
2024-03-15T17:40:29.704+09:00  WARN 5712 --- [http-nio-8080-exec-3] o.t.s.p.StandardIncludeTagProcessor      : [THYMELEAF][http-nio-8080-exec-3][/index] Deprecated attribute {th:include,data-th-include} found in template /index, line 71, col 15. Please use {th:insert,data-th-insert} instead, this deprecated attribute will be removed in future versions of Thymeleaf.
2024-03-15T17:40:30.156+09:00  WARN 5712 --- [http-nio-8080-exec-2] o.t.s.p.StandardIncludeTagProcessor      : [THYMELEAF][http-nio-8080-exec-2][/index] Deprecated attribute {th:include,data-th-include} found in template /index, line 61, col 15. Please use {th:insert,data-th-insert} instead, this deprecated attribute will be removed in future versions of Thymeleaf.
2024-03-15T17:40:30.156+09:00  WARN 5712 --- [http-nio-8080-exec-2] actStandardFragmentInsertionTagProcessor : [THYMELEAF][http-nio-8080-exec-2][/index] Deprecated unwrapped fragment expression "/include/_header.html" found in template /index, line 61, col 15. Please use the complete syntax of fragment expressions instead ("~{/include/_header.html}"). The old, unwrapped syntax for fragment expressions will be removed in future versions of Thymeleaf.
2024-03-15T17:40:30.156+09:00  WARN 5712 --- [http-nio-8080-exec-2] o.t.s.p.StandardIncludeTagProcessor      : [THYMELEAF][http-nio-8080-exec-2][/index] Deprecated attribute {th:include,data-th-include} found in template /index, line 62, col 15. Please use {th:insert,data-th-insert} instead, this deprecated attribute will be removed in future versions of Thymeleaf.
2024-03-15T17:40:30.156+09:00  WARN 5712 --- [http-nio-8080-exec-2] actStandardFragmentInsertionTagProcessor : [THYMELEAF][http-nio-8080-exec-2][/index] Deprecated unwrapped fragment expression "/include/_footer.html" found in template /index, line 62, col 15. Please use the complete syntax of fragment expressions instead ("~{/include/_footer.html}"). The old, unwrapped syntax for fragment expressions will be removed in future versions of Thymeleaf.
2024-03-15T17:40:30.157+09:00  WARN 5712 --- [http-nio-8080-exec-2] actStandardFragmentInsertionTagProcessor : [THYMELEAF][http-nio-8080-exec-2][/index] Deprecated unwrapped fragment expression "/include/_header.html" found in template /index, line 64, col 10. Please use the complete syntax of fragment expressions instead ("~{/include/_header.html}"). The old, unwrapped syntax for fragment expressions will be removed in future versions of Thymeleaf.
2024-03-15T17:40:30.157+09:00  WARN 5712 --- [http-nio-8080-exec-2] actStandardFragmentInsertionTagProcessor : [THYMELEAF][http-nio-8080-exec-2][/index] Deprecated unwrapped fragment expression "/include/_footer.html" found in template /index, line 65, col 10. Please use the complete syntax of fragment expressions instead ("~{/include/_footer.html}"). The old, unwrapped syntax for fragment expressions will be removed in future versions of Thymeleaf.
2024-03-15T17:40:30.157+09:00  WARN 5712 --- [http-nio-8080-exec-2] actStandardFragmentInsertionTagProcessor : [THYMELEAF][http-nio-8080-exec-2][/index] Deprecated unwrapped fragment expression "/include/_header.html" found in template /index, line 67, col 10. Please use the complete syntax of fragment expressions instead ("~{/include/_header.html}"). The old, unwrapped syntax for fragment expressions will be removed in future versions of Thymeleaf.
2024-03-15T17:40:30.157+09:00  WARN 5712 --- [http-nio-8080-exec-2] actStandardFragmentInsertionTagProcessor : [THYMELEAF][http-nio-8080-exec-2][/index] Deprecated unwrapped fragment expression "/include/_footer.html" found in template /index, line 68, col 10. Please use the complete syntax of fragment expressions instead ("~{/include/_footer.html}"). The old, unwrapped syntax for fragment expressions will be removed in future versions of Thymeleaf.
2024-03-15T17:40:30.157+09:00  WARN 5712 --- [http-nio-8080-exec-2] o.t.s.p.StandardIncludeTagProcessor      : [THYMELEAF][http-nio-8080-exec-2][/index] Deprecated attribute {th:include,data-th-include} found in template /index, line 70, col 15. Please use {th:insert,data-th-insert} instead, this deprecated attribute will be removed in future versions of Thymeleaf.
2024-03-15T17:40:30.158+09:00  WARN 5712 --- [http-nio-8080-exec-2] o.t.s.p.StandardIncludeTagProcessor      : [THYMELEAF][http-nio-8080-exec-2][/index] Deprecated attribute {th:include,data-th-include} found in template /index, line 71, col 15. Please use {th:insert,data-th-insert} instead, this deprecated attribute will be removed in future versions of Thymeleaf.
2024-03-15T17:40:30.635+09:00  INFO 5712 --- [http-nio-8080-exec-4] com.zaxxer.hikari.HikariDataSource       : HikariPool-3 - Starting...
2024-03-15T17:40:30.647+09:00  INFO 5712 --- [http-nio-8080-exec-4] com.zaxxer.hikari.pool.HikariPool        : HikariPool-3 - Added connection com.mysql.cj.jdbc.ConnectionImpl@77a540c0
2024-03-15T17:40:30.647+09:00  INFO 5712 --- [http-nio-8080-exec-4] com.zaxxer.hikari.HikariDataSource       : HikariPool-3 - Start completed.
2024-03-15T17:41:05.690+09:00  WARN 5712 --- [http-nio-8080-exec-6] o.t.s.p.StandardIncludeTagProcessor      : [THYMELEAF][http-nio-8080-exec-6][/index] Deprecated attribute {th:include,data-th-include} found in template /index, line 61, col 15. Please use {th:insert,data-th-insert} instead, this deprecated attribute will be removed in future versions of Thymeleaf.
2024-03-15T17:41:05.690+09:00  WARN 5712 --- [http-nio-8080-exec-6] actStandardFragmentInsertionTagProcessor : [THYMELEAF][http-nio-8080-exec-6][/index] Deprecated unwrapped fragment expression "/include/_header.html" found in template /index, line 61, col 15. Please use the complete syntax of fragment expressions instead ("~{/include/_header.html}"). The old, unwrapped syntax for fragment expressions will be removed in future versions of Thymeleaf.
2024-03-15T17:41:05.691+09:00  WARN 5712 --- [http-nio-8080-exec-6] o.t.s.p.StandardIncludeTagProcessor      : [THYMELEAF][http-nio-8080-exec-6][/index] Deprecated attribute {th:include,data-th-include} found in template /index, line 62, col 15. Please use {th:insert,data-th-insert} instead, this deprecated attribute will be removed in future versions of Thymeleaf.
2024-03-15T17:41:05.691+09:00  WARN 5712 --- [http-nio-8080-exec-6] actStandardFragmentInsertionTagProcessor : [THYMELEAF][http-nio-8080-exec-6][/index] Deprecated unwrapped fragment expression "/include/_footer.html" found in template /index, line 62, col 15. Please use the complete syntax of fragment expressions instead ("~{/include/_footer.html}"). The old, unwrapped syntax for fragment expressions will be removed in future versions of Thymeleaf.
2024-03-15T17:41:05.692+09:00  WARN 5712 --- [http-nio-8080-exec-6] actStandardFragmentInsertionTagProcessor : [THYMELEAF][http-nio-8080-exec-6][/index] Deprecated unwrapped fragment expression "/include/_header.html" found in template /index, line 64, col 10. Please use the complete syntax of fragment expressions instead ("~{/include/_header.html}"). The old, unwrapped syntax for fragment expressions will be removed in future versions of Thymeleaf.
2024-03-15T17:41:05.692+09:00  WARN 5712 --- [http-nio-8080-exec-6] actStandardFragmentInsertionTagProcessor : [THYMELEAF][http-nio-8080-exec-6][/index] Deprecated unwrapped fragment expression "/include/_footer.html" found in template /index, line 65, col 10. Please use the complete syntax of fragment expressions instead ("~{/include/_footer.html}"). The old, unwrapped syntax for fragment expressions will be removed in future versions of Thymeleaf.
2024-03-15T17:41:05.693+09:00  WARN 5712 --- [http-nio-8080-exec-6] actStandardFragmentInsertionTagProcessor : [THYMELEAF][http-nio-8080-exec-6][/index] Deprecated unwrapped fragment expression "/include/_header.html" found in template /index, line 67, col 10. Please use the complete syntax of fragment expressions instead ("~{/include/_header.html}"). The old, unwrapped syntax for fragment expressions will be removed in future versions of Thymeleaf.
2024-03-15T17:41:05.693+09:00  WARN 5712 --- [http-nio-8080-exec-6] actStandardFragmentInsertionTagProcessor : [THYMELEAF][http-nio-8080-exec-6][/index] Deprecated unwrapped fragment expression "/include/_footer.html" found in template /index, line 68, col 10. Please use the complete syntax of fragment expressions instead ("~{/include/_footer.html}"). The old, unwrapped syntax for fragment expressions will be removed in future versions of Thymeleaf.
2024-03-15T17:41:05.694+09:00  WARN 5712 --- [http-nio-8080-exec-6] o.t.s.p.StandardIncludeTagProcessor      : [THYMELEAF][http-nio-8080-exec-6][/index] Deprecated attribute {th:include,data-th-include} found in template /index, line 70, col 15. Please use {th:insert,data-th-insert} instead, this deprecated attribute will be removed in future versions of Thymeleaf.
2024-03-15T17:41:05.694+09:00  WARN 5712 --- [http-nio-8080-exec-6] o.t.s.p.StandardIncludeTagProcessor      : [THYMELEAF][http-nio-8080-exec-6][/index] Deprecated attribute {th:include,data-th-include} found in template /index, line 71, col 15. Please use {th:insert,data-th-insert} instead, this deprecated attribute will be removed in future versions of Thymeleaf.
2024-03-15T17:50:37.754+09:00  INFO 5712 --- [SpringApplicationShutdownHook] com.zaxxer.hikari.HikariDataSource       : HikariPool-3 - Shutdown initiated...
2024-03-15T17:50:37.759+09:00  INFO 5712 --- [SpringApplicationShutdownHook] com.zaxxer.hikari.HikariDataSource       : HikariPool-3 - Shutdown completed.
